#
# There is insufficient memory for the Java Runtime Environment to continue.
# Native memory allocation (mmap) failed to map 65536 bytes for Failed to commit metaspace.
# Possible reasons:
#   The system is out of physical RAM or swap space
#   The process is running with CompressedOops enabled, and the Java Heap may be blocking the growth of the native heap
# Possible solutions:
#   Reduce memory load on the system
#   Increase physical memory or swap space
#   Check if swap backing store is full
#   Decrease Java heap size (-Xmx/-Xms)
#   Decrease number of Java threads
#   Decrease Java thread stack sizes (-Xss)
#   Set larger code cache with -XX:ReservedCodeCacheSize=
#   JVM is running with Unscaled Compressed Oops mode in which the Java heap is
#     placed in the first 4GB address space. The Java Heap base address is the
#     maximum limit for the native heap growth. Please use -XX:HeapBaseMinAddress
#     to set the Java Heap base and to place the Java Heap above 4GB virtual address.
# This output file may be truncated or incomplete.
#
#  Out of Memory Error (virtualSpaceNode.cpp:110), pid=14328, tid=4792
#
# JRE version: OpenJDK Runtime Environment (17.0.6) (build 17.0.6+0-b2043.56-10027231)
# Java VM: OpenJDK 64-Bit Server VM (17.0.6+0-b2043.56-10027231, mixed mode, tiered, compressed oops, compressed class ptrs, g1 gc, windows-amd64)
# No core dump will be written. Minidumps are not enabled by default on client versions of Windows
#

---------------  S U M M A R Y ------------

Command Line: --add-opens=java.base/java.util=ALL-UNNAMED --add-opens=java.base/java.lang=ALL-UNNAMED --add-opens=java.base/java.lang.invoke=ALL-UNNAMED --add-opens=java.prefs/java.util.prefs=ALL-UNNAMED --add-opens=java.base/java.nio.charset=ALL-UNNAMED --add-opens=java.base/java.net=ALL-UNNAMED --add-opens=java.base/java.util.concurrent.atomic=ALL-UNNAMED -Xmx2048m -Dfile.encoding=UTF-8 -Duser.country=ID -Duser.language=en -Duser.variant org.gradle.launcher.daemon.bootstrap.GradleDaemon 8.0

Host: Intel(R) Core(TM) i3-10110U CPU @ 2.10GHz, 4 cores, 7G,  Windows 11 , 64 bit Build 22621 (10.0.22621.4391)
Time: Tue Dec 31 12:59:12 2024 SE Asia Standard Time elapsed time: 2.411593 seconds (0d 0h 0m 2s)

---------------  T H R E A D  ---------------

Current thread (0x000002424482d7a0):  VMThread "VM Thread" [stack: 0x000000ba02300000,0x000000ba02400000] [id=4792]

Stack: [0x000000ba02300000,0x000000ba02400000]
Native frames: (J=compiled Java code, j=interpreted, Vv=VM code, C=native code)
V  [jvm.dll+0x683c9a]
V  [jvm.dll+0x8427a4]
V  [jvm.dll+0x843f9e]
V  [jvm.dll+0x844603]
V  [jvm.dll+0x249b75]
V  [jvm.dll+0x83e7fb]
V  [jvm.dll+0x628006]
V  [jvm.dll+0x1c194e]
V  [jvm.dll+0x62a941]
V  [jvm.dll+0x1fd8ca]
V  [jvm.dll+0x3317cf]
V  [jvm.dll+0x848ccb]
V  [jvm.dll+0x849a04]
V  [jvm.dll+0x849f1d]
V  [jvm.dll+0x84a2f4]
V  [jvm.dll+0x84a3c0]
V  [jvm.dll+0x7f274a]
V  [jvm.dll+0x682ad5]
C  [ucrtbase.dll+0x29333]
C  [KERNEL32.DLL+0x1259d]
C  [ntdll.dll+0x5af38]

VM_Operation (0x000000ba03afbc70): CollectForMetadataAllocation, mode: safepoint, requested by thread 0x00000242463cd060


---------------  P R O C E S S  ---------------

Threads class SMR info:
_java_thread_list=0x0000024246e2ec60, length=22, elements={
0x000002422b26d8c0, 0x0000024244846290, 0x0000024244847380, 0x000002424485d190,
0x000002424541ef80, 0x0000024245421850, 0x0000024245422200, 0x0000024245426490,
0x000002424542f340, 0x0000024245431d50, 0x00000242455c5340, 0x00000242455c5c20,
0x0000024247e152d0, 0x00000242463744d0, 0x0000024248403700, 0x00000242486a8fa0,
0x00000242486a9840, 0x00000242463ccb90, 0x00000242463cd060, 0x000002424665f840,
0x00000242466606b0, 0x000002424665eea0
}

Java Threads: ( => current thread )
  0x000002422b26d8c0 JavaThread "main" [_thread_blocked, id=1716, stack(0x000000ba01d00000,0x000000ba01e00000)]
  0x0000024244846290 JavaThread "Reference Handler" daemon [_thread_blocked, id=3124, stack(0x000000ba02400000,0x000000ba02500000)]
  0x0000024244847380 JavaThread "Finalizer" daemon [_thread_blocked, id=9176, stack(0x000000ba02500000,0x000000ba02600000)]
  0x000002424485d190 JavaThread "Signal Dispatcher" daemon [_thread_blocked, id=4440, stack(0x000000ba02600000,0x000000ba02700000)]
  0x000002424541ef80 JavaThread "Attach Listener" daemon [_thread_blocked, id=7352, stack(0x000000ba02700000,0x000000ba02800000)]
  0x0000024245421850 JavaThread "Service Thread" daemon [_thread_blocked, id=16400, stack(0x000000ba02800000,0x000000ba02900000)]
  0x0000024245422200 JavaThread "Monitor Deflation Thread" daemon [_thread_blocked, id=2020, stack(0x000000ba02900000,0x000000ba02a00000)]
  0x0000024245426490 JavaThread "C2 CompilerThread0" daemon [_thread_in_native, id=16236, stack(0x000000ba02a00000,0x000000ba02b00000)]
  0x000002424542f340 JavaThread "C1 CompilerThread0" daemon [_thread_blocked, id=13244, stack(0x000000ba02b00000,0x000000ba02c00000)]
  0x0000024245431d50 JavaThread "Sweeper thread" daemon [_thread_blocked, id=12872, stack(0x000000ba02c00000,0x000000ba02d00000)]
  0x00000242455c5340 JavaThread "Common-Cleaner" daemon [_thread_blocked, id=10524, stack(0x000000ba02d00000,0x000000ba02e00000)]
  0x00000242455c5c20 JavaThread "Notification Thread" daemon [_thread_blocked, id=17000, stack(0x000000ba02e00000,0x000000ba02f00000)]
  0x0000024247e152d0 JavaThread "Daemon health stats" [_thread_blocked, id=16456, stack(0x000000ba03400000,0x000000ba03500000)]
  0x00000242463744d0 JavaThread "Incoming local TCP Connector on port 53246" [_thread_in_native, id=10836, stack(0x000000ba03500000,0x000000ba03600000)]
  0x0000024248403700 JavaThread "Daemon periodic checks" [_thread_blocked, id=3568, stack(0x000000ba03600000,0x000000ba03700000)]
  0x00000242486a8fa0 JavaThread "Daemon" [_thread_blocked, id=11840, stack(0x000000ba03700000,0x000000ba03800000)]
  0x00000242486a9840 JavaThread "Handler for socket connection from /127.0.0.1:53246 to /127.0.0.1:53247" [_thread_in_native, id=2716, stack(0x000000ba03800000,0x000000ba03900000)]
  0x00000242463ccb90 JavaThread "Cancel handler" [_thread_blocked, id=13240, stack(0x000000ba03900000,0x000000ba03a00000)]
  0x00000242463cd060 JavaThread "Daemon worker" [_thread_blocked, id=10944, stack(0x000000ba03a00000,0x000000ba03b00000)]
  0x000002424665f840 JavaThread "Asynchronous log dispatcher for DefaultDaemonConnection: socket connection from /127.0.0.1:53246 to /127.0.0.1:53247" [_thread_blocked, id=16556, stack(0x000000ba03b00000,0x000000ba03c00000)]
  0x00000242466606b0 JavaThread "Stdin handler" [_thread_blocked, id=15792, stack(0x000000ba03c00000,0x000000ba03d00000)]
  0x000002424665eea0 JavaThread "Daemon client event forwarder" [_thread_blocked, id=11056, stack(0x000000ba03d00000,0x000000ba03e00000)]

Other Threads:
=>0x000002424482d7a0 VMThread "VM Thread" [stack: 0x000000ba02300000,0x000000ba02400000] [id=4792]
  0x00000242455c3010 WatcherThread [stack: 0x000000ba02f00000,0x000000ba03000000] [id=5592]
  0x000002422b2c8f40 GCTaskThread "GC Thread#0" [stack: 0x000000ba01e00000,0x000000ba01f00000] [id=13924]
  0x0000024245770110 GCTaskThread "GC Thread#1" [stack: 0x000000ba03100000,0x000000ba03200000] [id=7588]
  0x0000024245fd17a0 GCTaskThread "GC Thread#2" [stack: 0x000000ba03200000,0x000000ba03300000] [id=5520]
  0x0000024245b4eb50 GCTaskThread "GC Thread#3" [stack: 0x000000ba03300000,0x000000ba03400000] [id=10340]
  0x000002422b2d9e80 ConcurrentGCThread "G1 Main Marker" [stack: 0x000000ba01f00000,0x000000ba02000000] [id=6628]
  0x000002422b2da890 ConcurrentGCThread "G1 Conc#0" [stack: 0x000000ba02000000,0x000000ba02100000] [id=4140]
  0x00000242446840c0 ConcurrentGCThread "G1 Refine#0" [stack: 0x000000ba02100000,0x000000ba02200000] [id=15676]
  0x00000242446849f0 ConcurrentGCThread "G1 Service" [stack: 0x000000ba02200000,0x000000ba02300000] [id=16660]

Threads with active compile tasks:
C2 CompilerThread0     2431 1981       4       jdk.internal.org.objectweb.asm.Frame::execute (2305 bytes)

VM state: at safepoint (normal execution)

VM Mutex/Monitor currently owned by a thread:  ([mutex/lock_event])
[0x000002422b2679f0] Metaspace_lock - owner thread: 0x000002424482d7a0
[0x000002422b269420] Threads_lock - owner thread: 0x000002424482d7a0
[0x000002422b2688e0] Heap_lock - owner thread: 0x00000242463cd060

Heap address: 0x0000000080000000, size: 2048 MB, Compressed Oops mode: 32-bit

CDS archive(s) not mapped
Compressed class space mapped at: 0x0000000100000000-0x0000000140000000, reserved size: 1073741824
Narrow klass base: 0x0000000000000000, Narrow klass shift: 3, Narrow klass range: 0x140000000

GC Precious Log:
 CPUs: 4 total, 4 available
 Memory: 8033M
 Large Page Support: Disabled
 NUMA Support: Disabled
 Compressed Oops: Enabled (32-bit)
 Heap Region Size: 1M
 Heap Min Capacity: 8M
 Heap Initial Capacity: 126M
 Heap Max Capacity: 2G
 Pre-touch: Disabled
 Parallel Workers: 4
 Concurrent Workers: 1
 Concurrent Refinement Workers: 4
 Periodic GC: Disabled

Heap:
 garbage-first heap   total 129024K, used 18568K [0x0000000080000000, 0x0000000100000000)
  region size 1024K, 8 young (8192K), 8 survivors (8192K)
 Metaspace       used 21243K, committed 21504K, reserved 1073152K
  class space    used 2582K, committed 2752K, reserved 1048576K

Heap Regions: E=young(eden), S=young(survivor), O=old, HS=humongous(starts), HC=humongous(continues), CS=collection set, F=free, OA=open archive, CA=closed archive, TAMS=top-at-mark-start (previous, next)
|   0|0x0000000080000000, 0x0000000080100000, 0x0000000080100000|100%| O|  |TAMS 0x0000000080000000, 0x0000000080100000| Untracked 
|   1|0x0000000080100000, 0x0000000080200000, 0x0000000080200000|100%| O|  |TAMS 0x0000000080100000, 0x0000000080200000| Untracked 
|   2|0x0000000080200000, 0x0000000080300000, 0x0000000080300000|100%|HS|  |TAMS 0x0000000080200000, 0x0000000080300000| Complete 
|   3|0x0000000080300000, 0x0000000080400000, 0x0000000080400000|100%|HC|  |TAMS 0x0000000080300000, 0x0000000080400000| Complete 
|   4|0x0000000080400000, 0x0000000080500000, 0x0000000080500000|100%|HC|  |TAMS 0x0000000080400000, 0x0000000080500000| Complete 
|   5|0x0000000080500000, 0x0000000080600000, 0x0000000080600000|100%|HC|  |TAMS 0x0000000080500000, 0x0000000080600000| Complete 
|   6|0x0000000080600000, 0x0000000080700000, 0x0000000080700000|100%| O|  |TAMS 0x0000000080600000, 0x0000000080700000| Untracked 
|   7|0x0000000080700000, 0x0000000080800000, 0x0000000080800000|100%| O|  |TAMS 0x0000000080700000, 0x0000000080800000| Untracked 
|   8|0x0000000080800000, 0x0000000080800000, 0x0000000080900000|  0%| F|  |TAMS 0x0000000080800000, 0x0000000080800000| Untracked 
|   9|0x0000000080900000, 0x0000000080a00000, 0x0000000080a00000|100%| O|  |TAMS 0x0000000080900000, 0x0000000080a00000| Untracked 
|  10|0x0000000080a00000, 0x0000000080b00000, 0x0000000080b00000|100%| O|  |TAMS 0x0000000080a00000, 0x0000000080b00000| Untracked 
|  11|0x0000000080b00000, 0x0000000080b6d600, 0x0000000080c00000| 42%| O|  |TAMS 0x0000000080b00000, 0x0000000080b6d600| Untracked 
|  12|0x0000000080c00000, 0x0000000080c00000, 0x0000000080d00000|  0%| F|  |TAMS 0x0000000080c00000, 0x0000000080c00000| Untracked 
|  13|0x0000000080d00000, 0x0000000080d00000, 0x0000000080e00000|  0%| F|  |TAMS 0x0000000080d00000, 0x0000000080d00000| Untracked 
|  14|0x0000000080e00000, 0x0000000080e00000, 0x0000000080f00000|  0%| F|  |TAMS 0x0000000080e00000, 0x0000000080e00000| Untracked 
|  15|0x0000000080f00000, 0x0000000080f00000, 0x0000000081000000|  0%| F|  |TAMS 0x0000000080f00000, 0x0000000080f00000| Untracked 
|  16|0x0000000081000000, 0x0000000081000000, 0x0000000081100000|  0%| F|  |TAMS 0x0000000081000000, 0x0000000081000000| Untracked 
|  17|0x0000000081100000, 0x0000000081100000, 0x0000000081200000|  0%| F|  |TAMS 0x0000000081100000, 0x0000000081100000| Untracked 
|  18|0x0000000081200000, 0x0000000081200000, 0x0000000081300000|  0%| F|  |TAMS 0x0000000081200000, 0x0000000081200000| Untracked 
|  19|0x0000000081300000, 0x0000000081300000, 0x0000000081400000|  0%| F|  |TAMS 0x0000000081300000, 0x0000000081300000| Untracked 
|  20|0x0000000081400000, 0x0000000081400000, 0x0000000081500000|  0%| F|  |TAMS 0x0000000081400000, 0x0000000081400000| Untracked 
|  21|0x0000000081500000, 0x0000000081500000, 0x0000000081600000|  0%| F|  |TAMS 0x0000000081500000, 0x0000000081500000| Untracked 
|  22|0x0000000081600000, 0x0000000081600000, 0x0000000081700000|  0%| F|  |TAMS 0x0000000081600000, 0x0000000081600000| Untracked 
|  23|0x0000000081700000, 0x0000000081700000, 0x0000000081800000|  0%| F|  |TAMS 0x0000000081700000, 0x0000000081700000| Untracked 
|  24|0x0000000081800000, 0x0000000081800000, 0x0000000081900000|  0%| F|  |TAMS 0x0000000081800000, 0x0000000081800000| Untracked 
|  25|0x0000000081900000, 0x0000000081900000, 0x0000000081a00000|  0%| F|  |TAMS 0x0000000081900000, 0x0000000081900000| Untracked 
|  26|0x0000000081a00000, 0x0000000081a00000, 0x0000000081b00000|  0%| F|  |TAMS 0x0000000081a00000, 0x0000000081a00000| Untracked 
|  27|0x0000000081b00000, 0x0000000081b00000, 0x0000000081c00000|  0%| F|  |TAMS 0x0000000081b00000, 0x0000000081b00000| Untracked 
|  28|0x0000000081c00000, 0x0000000081c00000, 0x0000000081d00000|  0%| F|  |TAMS 0x0000000081c00000, 0x0000000081c00000| Untracked 
|  29|0x0000000081d00000, 0x0000000081d00000, 0x0000000081e00000|  0%| F|  |TAMS 0x0000000081d00000, 0x0000000081d00000| Untracked 
|  30|0x0000000081e00000, 0x0000000081e00000, 0x0000000081f00000|  0%| F|  |TAMS 0x0000000081e00000, 0x0000000081e00000| Untracked 
|  31|0x0000000081f00000, 0x0000000081f00000, 0x0000000082000000|  0%| F|  |TAMS 0x0000000081f00000, 0x0000000081f00000| Untracked 
|  32|0x0000000082000000, 0x0000000082000000, 0x0000000082100000|  0%| F|  |TAMS 0x0000000082000000, 0x0000000082000000| Untracked 
|  33|0x0000000082100000, 0x0000000082100000, 0x0000000082200000|  0%| F|  |TAMS 0x0000000082100000, 0x0000000082100000| Untracked 
|  34|0x0000000082200000, 0x0000000082200000, 0x0000000082300000|  0%| F|  |TAMS 0x0000000082200000, 0x0000000082200000| Untracked 
|  35|0x0000000082300000, 0x0000000082300000, 0x0000000082400000|  0%| F|  |TAMS 0x0000000082300000, 0x0000000082300000| Untracked 
|  36|0x0000000082400000, 0x0000000082400000, 0x0000000082500000|  0%| F|  |TAMS 0x0000000082400000, 0x0000000082400000| Untracked 
|  37|0x0000000082500000, 0x0000000082500000, 0x0000000082600000|  0%| F|  |TAMS 0x0000000082500000, 0x0000000082500000| Untracked 
|  38|0x0000000082600000, 0x0000000082600000, 0x0000000082700000|  0%| F|  |TAMS 0x0000000082600000, 0x0000000082600000| Untracked 
|  39|0x0000000082700000, 0x0000000082700000, 0x0000000082800000|  0%| F|  |TAMS 0x0000000082700000, 0x0000000082700000| Untracked 
|  40|0x0000000082800000, 0x0000000082800000, 0x0000000082900000|  0%| F|  |TAMS 0x0000000082800000, 0x0000000082800000| Untracked 
|  41|0x0000000082900000, 0x0000000082900000, 0x0000000082a00000|  0%| F|  |TAMS 0x0000000082900000, 0x0000000082900000| Untracked 
|  42|0x0000000082a00000, 0x0000000082a00000, 0x0000000082b00000|  0%| F|  |TAMS 0x0000000082a00000, 0x0000000082a00000| Untracked 
|  43|0x0000000082b00000, 0x0000000082b00000, 0x0000000082c00000|  0%| F|  |TAMS 0x0000000082b00000, 0x0000000082b00000| Untracked 
|  44|0x0000000082c00000, 0x0000000082c00000, 0x0000000082d00000|  0%| F|  |TAMS 0x0000000082c00000, 0x0000000082c00000| Untracked 
|  45|0x0000000082d00000, 0x0000000082d00000, 0x0000000082e00000|  0%| F|  |TAMS 0x0000000082d00000, 0x0000000082d00000| Untracked 
|  46|0x0000000082e00000, 0x0000000082e00000, 0x0000000082f00000|  0%| F|  |TAMS 0x0000000082e00000, 0x0000000082e00000| Untracked 
|  47|0x0000000082f00000, 0x0000000082f00000, 0x0000000083000000|  0%| F|  |TAMS 0x0000000082f00000, 0x0000000082f00000| Untracked 
|  48|0x0000000083000000, 0x0000000083000000, 0x0000000083100000|  0%| F|  |TAMS 0x0000000083000000, 0x0000000083000000| Untracked 
|  49|0x0000000083100000, 0x0000000083100000, 0x0000000083200000|  0%| F|  |TAMS 0x0000000083100000, 0x0000000083100000| Untracked 
|  50|0x0000000083200000, 0x0000000083200000, 0x0000000083300000|  0%| F|  |TAMS 0x0000000083200000, 0x0000000083200000| Untracked 
|  51|0x0000000083300000, 0x0000000083300000, 0x0000000083400000|  0%| F|  |TAMS 0x0000000083300000, 0x0000000083300000| Untracked 
|  52|0x0000000083400000, 0x0000000083400000, 0x0000000083500000|  0%| F|  |TAMS 0x0000000083400000, 0x0000000083400000| Untracked 
|  53|0x0000000083500000, 0x0000000083500000, 0x0000000083600000|  0%| F|  |TAMS 0x0000000083500000, 0x0000000083500000| Untracked 
|  54|0x0000000083600000, 0x0000000083600000, 0x0000000083700000|  0%| F|  |TAMS 0x0000000083600000, 0x0000000083600000| Untracked 
|  55|0x0000000083700000, 0x0000000083700000, 0x0000000083800000|  0%| F|  |TAMS 0x0000000083700000, 0x0000000083700000| Untracked 
|  56|0x0000000083800000, 0x0000000083800000, 0x0000000083900000|  0%| F|  |TAMS 0x0000000083800000, 0x0000000083800000| Untracked 
|  57|0x0000000083900000, 0x0000000083900000, 0x0000000083a00000|  0%| F|  |TAMS 0x0000000083900000, 0x0000000083900000| Untracked 
|  58|0x0000000083a00000, 0x0000000083a00000, 0x0000000083b00000|  0%| F|  |TAMS 0x0000000083a00000, 0x0000000083a00000| Untracked 
|  59|0x0000000083b00000, 0x0000000083b00000, 0x0000000083c00000|  0%| F|  |TAMS 0x0000000083b00000, 0x0000000083b00000| Untracked 
|  60|0x0000000083c00000, 0x0000000083c00000, 0x0000000083d00000|  0%| F|  |TAMS 0x0000000083c00000, 0x0000000083c00000| Untracked 
|  61|0x0000000083d00000, 0x0000000083d00000, 0x0000000083e00000|  0%| F|  |TAMS 0x0000000083d00000, 0x0000000083d00000| Untracked 
|  62|0x0000000083e00000, 0x0000000083e00000, 0x0000000083f00000|  0%| F|  |TAMS 0x0000000083e00000, 0x0000000083e00000| Untracked 
|  63|0x0000000083f00000, 0x0000000083f00000, 0x0000000084000000|  0%| F|  |TAMS 0x0000000083f00000, 0x0000000083f00000| Untracked 
|  64|0x0000000084000000, 0x0000000084000000, 0x0000000084100000|  0%| F|  |TAMS 0x0000000084000000, 0x0000000084000000| Untracked 
|  65|0x0000000084100000, 0x0000000084100000, 0x0000000084200000|  0%| F|  |TAMS 0x0000000084100000, 0x0000000084100000| Untracked 
|  66|0x0000000084200000, 0x0000000084200000, 0x0000000084300000|  0%| F|  |TAMS 0x0000000084200000, 0x0000000084200000| Untracked 
|  67|0x0000000084300000, 0x0000000084300000, 0x0000000084400000|  0%| F|  |TAMS 0x0000000084300000, 0x0000000084300000| Untracked 
|  68|0x0000000084400000, 0x0000000084400000, 0x0000000084500000|  0%| F|  |TAMS 0x0000000084400000, 0x0000000084400000| Untracked 
|  69|0x0000000084500000, 0x0000000084500000, 0x0000000084600000|  0%| F|  |TAMS 0x0000000084500000, 0x0000000084500000| Untracked 
|  70|0x0000000084600000, 0x0000000084600000, 0x0000000084700000|  0%| F|  |TAMS 0x0000000084600000, 0x0000000084600000| Untracked 
|  71|0x0000000084700000, 0x0000000084700000, 0x0000000084800000|  0%| F|  |TAMS 0x0000000084700000, 0x0000000084700000| Untracked 
|  72|0x0000000084800000, 0x0000000084800000, 0x0000000084900000|  0%| F|  |TAMS 0x0000000084800000, 0x0000000084800000| Untracked 
|  73|0x0000000084900000, 0x0000000084900000, 0x0000000084a00000|  0%| F|  |TAMS 0x0000000084900000, 0x0000000084900000| Untracked 
|  74|0x0000000084a00000, 0x0000000084a00000, 0x0000000084b00000|  0%| F|  |TAMS 0x0000000084a00000, 0x0000000084a00000| Untracked 
|  75|0x0000000084b00000, 0x0000000084bb4b18, 0x0000000084c00000| 70%| S|CS|TAMS 0x0000000084b00000, 0x0000000084b00000| Complete 
|  76|0x0000000084c00000, 0x0000000084d00000, 0x0000000084d00000|100%| S|CS|TAMS 0x0000000084c00000, 0x0000000084c00000| Complete 
|  77|0x0000000084d00000, 0x0000000084e00000, 0x0000000084e00000|100%| S|CS|TAMS 0x0000000084d00000, 0x0000000084d00000| Complete 
|  78|0x0000000084e00000, 0x0000000084f00000, 0x0000000084f00000|100%| S|CS|TAMS 0x0000000084e00000, 0x0000000084e00000| Complete 
|  79|0x0000000084f00000, 0x0000000085000000, 0x0000000085000000|100%| S|CS|TAMS 0x0000000084f00000, 0x0000000084f00000| Complete 
|  80|0x0000000085000000, 0x0000000085100000, 0x0000000085100000|100%| S|CS|TAMS 0x0000000085000000, 0x0000000085000000| Complete 
|  81|0x0000000085100000, 0x0000000085200000, 0x0000000085200000|100%| S|CS|TAMS 0x0000000085100000, 0x0000000085100000| Complete 
|  82|0x0000000085200000, 0x0000000085300000, 0x0000000085300000|100%| S|CS|TAMS 0x0000000085200000, 0x0000000085200000| Complete 
|  83|0x0000000085300000, 0x0000000085300000, 0x0000000085400000|  0%| F|  |TAMS 0x0000000085300000, 0x0000000085300000| Untracked 
|  84|0x0000000085400000, 0x0000000085400000, 0x0000000085500000|  0%| F|  |TAMS 0x0000000085400000, 0x0000000085400000| Untracked 
|  85|0x0000000085500000, 0x0000000085500000, 0x0000000085600000|  0%| F|  |TAMS 0x0000000085500000, 0x0000000085500000| Untracked 
|  86|0x0000000085600000, 0x0000000085600000, 0x0000000085700000|  0%| F|  |TAMS 0x0000000085600000, 0x0000000085600000| Untracked 
|  87|0x0000000085700000, 0x0000000085700000, 0x0000000085800000|  0%| F|  |TAMS 0x0000000085700000, 0x0000000085700000| Untracked 
|  88|0x0000000085800000, 0x0000000085800000, 0x0000000085900000|  0%| F|  |TAMS 0x0000000085800000, 0x0000000085800000| Untracked 
|  89|0x0000000085900000, 0x0000000085900000, 0x0000000085a00000|  0%| F|  |TAMS 0x0000000085900000, 0x0000000085900000| Untracked 
|  90|0x0000000085a00000, 0x0000000085a00000, 0x0000000085b00000|  0%| F|  |TAMS 0x0000000085a00000, 0x0000000085a00000| Untracked 
|  91|0x0000000085b00000, 0x0000000085b00000, 0x0000000085c00000|  0%| F|  |TAMS 0x0000000085b00000, 0x0000000085b00000| Untracked 
|  92|0x0000000085c00000, 0x0000000085c00000, 0x0000000085d00000|  0%| F|  |TAMS 0x0000000085c00000, 0x0000000085c00000| Untracked 
|  93|0x0000000085d00000, 0x0000000085d00000, 0x0000000085e00000|  0%| F|  |TAMS 0x0000000085d00000, 0x0000000085d00000| Untracked 
|  94|0x0000000085e00000, 0x0000000085e00000, 0x0000000085f00000|  0%| F|  |TAMS 0x0000000085e00000, 0x0000000085e00000| Untracked 
|  95|0x0000000085f00000, 0x0000000085f00000, 0x0000000086000000|  0%| F|  |TAMS 0x0000000085f00000, 0x0000000085f00000| Untracked 
|  96|0x0000000086000000, 0x0000000086000000, 0x0000000086100000|  0%| F|  |TAMS 0x0000000086000000, 0x0000000086000000| Untracked 
|  97|0x0000000086100000, 0x0000000086100000, 0x0000000086200000|  0%| F|  |TAMS 0x0000000086100000, 0x0000000086100000| Untracked 
|  98|0x0000000086200000, 0x0000000086200000, 0x0000000086300000|  0%| F|  |TAMS 0x0000000086200000, 0x0000000086200000| Untracked 
|  99|0x0000000086300000, 0x0000000086300000, 0x0000000086400000|  0%| F|  |TAMS 0x0000000086300000, 0x0000000086300000| Untracked 
| 100|0x0000000086400000, 0x0000000086400000, 0x0000000086500000|  0%| F|  |TAMS 0x0000000086400000, 0x0000000086400000| Untracked 
| 101|0x0000000086500000, 0x0000000086500000, 0x0000000086600000|  0%| F|  |TAMS 0x0000000086500000, 0x0000000086500000| Untracked 
| 102|0x0000000086600000, 0x0000000086600000, 0x0000000086700000|  0%| F|  |TAMS 0x0000000086600000, 0x0000000086600000| Untracked 
| 103|0x0000000086700000, 0x0000000086700000, 0x0000000086800000|  0%| F|  |TAMS 0x0000000086700000, 0x0000000086700000| Untracked 
| 104|0x0000000086800000, 0x0000000086800000, 0x0000000086900000|  0%| F|  |TAMS 0x0000000086800000, 0x0000000086800000| Untracked 
| 105|0x0000000086900000, 0x0000000086900000, 0x0000000086a00000|  0%| F|  |TAMS 0x0000000086900000, 0x0000000086900000| Untracked 
| 106|0x0000000086a00000, 0x0000000086a00000, 0x0000000086b00000|  0%| F|  |TAMS 0x0000000086a00000, 0x0000000086a00000| Untracked 
| 107|0x0000000086b00000, 0x0000000086b00000, 0x0000000086c00000|  0%| F|  |TAMS 0x0000000086b00000, 0x0000000086b00000| Untracked 
| 108|0x0000000086c00000, 0x0000000086c00000, 0x0000000086d00000|  0%| F|  |TAMS 0x0000000086c00000, 0x0000000086c00000| Untracked 
| 109|0x0000000086d00000, 0x0000000086d00000, 0x0000000086e00000|  0%| F|  |TAMS 0x0000000086d00000, 0x0000000086d00000| Untracked 
| 110|0x0000000086e00000, 0x0000000086e00000, 0x0000000086f00000|  0%| F|  |TAMS 0x0000000086e00000, 0x0000000086e00000| Untracked 
| 111|0x0000000086f00000, 0x0000000086f00000, 0x0000000087000000|  0%| F|  |TAMS 0x0000000086f00000, 0x0000000086f00000| Untracked 
| 112|0x0000000087000000, 0x0000000087000000, 0x0000000087100000|  0%| F|  |TAMS 0x0000000087000000, 0x0000000087000000| Untracked 
| 113|0x0000000087100000, 0x0000000087100000, 0x0000000087200000|  0%| F|  |TAMS 0x0000000087100000, 0x0000000087100000| Untracked 
| 114|0x0000000087200000, 0x0000000087200000, 0x0000000087300000|  0%| F|  |TAMS 0x0000000087200000, 0x0000000087200000| Untracked 
| 115|0x0000000087300000, 0x0000000087300000, 0x0000000087400000|  0%| F|  |TAMS 0x0000000087300000, 0x0000000087300000| Untracked 
| 116|0x0000000087400000, 0x0000000087400000, 0x0000000087500000|  0%| F|  |TAMS 0x0000000087400000, 0x0000000087400000| Untracked 
| 117|0x0000000087500000, 0x0000000087500000, 0x0000000087600000|  0%| F|  |TAMS 0x0000000087500000, 0x0000000087500000| Untracked 
| 118|0x0000000087600000, 0x0000000087600000, 0x0000000087700000|  0%| F|  |TAMS 0x0000000087600000, 0x0000000087600000| Untracked 
| 119|0x0000000087700000, 0x0000000087700000, 0x0000000087800000|  0%| F|  |TAMS 0x0000000087700000, 0x0000000087700000| Untracked 
| 120|0x0000000087800000, 0x0000000087800000, 0x0000000087900000|  0%| F|  |TAMS 0x0000000087800000, 0x0000000087800000| Untracked 
| 121|0x0000000087900000, 0x0000000087900000, 0x0000000087a00000|  0%| F|  |TAMS 0x0000000087900000, 0x0000000087900000| Untracked 
| 122|0x0000000087a00000, 0x0000000087a00000, 0x0000000087b00000|  0%| F|  |TAMS 0x0000000087a00000, 0x0000000087a00000| Untracked 
| 123|0x0000000087b00000, 0x0000000087b00000, 0x0000000087c00000|  0%| F|  |TAMS 0x0000000087b00000, 0x0000000087b00000| Untracked 
| 124|0x0000000087c00000, 0x0000000087c00000, 0x0000000087d00000|  0%| F|  |TAMS 0x0000000087c00000, 0x0000000087c00000| Untracked 
| 125|0x0000000087d00000, 0x0000000087d00000, 0x0000000087e00000|  0%| F|  |TAMS 0x0000000087d00000, 0x0000000087d00000| Untracked 

Card table byte_map: [0x000002423db30000,0x000002423df30000] _byte_map_base: 0x000002423d730000

Marking Bits (Prev, Next): (CMBitMap*) 0x000002422b2c9550, (CMBitMap*) 0x000002422b2c9590
 Prev Bits: [0x000002423e330000, 0x0000024240330000)
 Next Bits: [0x0000024240330000, 0x0000024242330000)

Polling page: 0x00000242293f0000

Metaspace:

Usage:
  Non-class:     18.22 MB used.
      Class:      2.52 MB used.
       Both:     20.75 MB used.

Virtual space:
  Non-class space:       24.00 MB reserved,      18.31 MB ( 76%) committed,  3 nodes.
      Class space:        1.00 GB reserved,       2.69 MB ( <1%) committed,  1 nodes.
             Both:        1.02 GB reserved,      21.00 MB (  2%) committed. 

Chunk freelists:
   Non-Class:  1.67 MB
       Class:  1.17 MB
        Both:  2.84 MB

MaxMetaspaceSize: unlimited
CompressedClassSpaceSize: 1.00 GB
Initial GC threshold: 21.00 MB
Current GC threshold: 21.31 MB
CDS: off
MetaspaceReclaimPolicy: balanced
 - commit_granule_bytes: 65536.
 - commit_granule_words: 8192.
 - virtual_space_node_default_size: 1048576.
 - enlarge_chunks_in_place: 1.
 - new_chunks_are_fully_committed: 0.
 - uncommit_free_chunks: 1.
 - use_allocation_guard: 0.
 - handle_deallocations: 1.


Internal statistics:

num_allocs_failed_limit: 3.
num_arena_births: 178.
num_arena_deaths: 0.
num_vsnodes_births: 4.
num_vsnodes_deaths: 0.
num_space_committed: 336.
num_space_uncommitted: 0.
num_chunks_returned_to_freelist: 3.
num_chunks_taken_from_freelist: 553.
num_chunk_merges: 3.
num_chunk_splits: 366.
num_chunks_enlarged: 278.
num_purges: 0.
num_inconsistent_stats: 0.

CodeHeap 'non-profiled nmethods': size=120000Kb used=993Kb max_used=993Kb free=119006Kb
 bounds [0x0000024236200000, 0x0000024236470000, 0x000002423d730000]
CodeHeap 'profiled nmethods': size=120000Kb used=4048Kb max_used=4048Kb free=115951Kb
 bounds [0x000002422e730000, 0x000002422eb30000, 0x0000024235c60000]
CodeHeap 'non-nmethods': size=5760Kb used=1200Kb max_used=1231Kb free=4559Kb
 bounds [0x0000024235c60000, 0x0000024235ed0000, 0x0000024236200000]
 total_blobs=2515 nmethods=2008 adapters=419
 compilation: enabled
              stopped_count=0, restarted_count=0
 full_count=0

Compilation events (20 events):
Event: 2.377 Thread 0x000002424542f340 1998       3       sun.reflect.generics.tree.ClassTypeSignature::accept (8 bytes)
Event: 2.378 Thread 0x000002424542f340 nmethod 1998 0x000002422eb1a910 code [0x000002422eb1aac0, 0x000002422eb1ac48]
Event: 2.378 Thread 0x000002424542f340 1999       3       sun.reflect.generics.visitor.Reifier::visitClassTypeSignature (381 bytes)
Event: 2.380 Thread 0x000002424542f340 nmethod 1999 0x000002422eb1ad90 code [0x000002422eb1b1a0, 0x000002422eb1cd48]
Event: 2.381 Thread 0x000002424542f340 2000       3       java.lang.Class::isAnnotation (17 bytes)
Event: 2.381 Thread 0x000002424542f340 nmethod 2000 0x000002422eb1d710 code [0x000002422eb1d8a0, 0x000002422eb1da38]
Event: 2.387 Thread 0x000002424542f340 2002       3       sun.nio.fs.WindowsPathParser::normalize (138 bytes)
Event: 2.390 Thread 0x000002424542f340 nmethod 2002 0x000002422eb1db10 code [0x000002422eb1df80, 0x000002422eb1ffa8]
Event: 2.391 Thread 0x000002424542f340 2003       3       sun.reflect.generics.visitor.Reifier::make (9 bytes)
Event: 2.392 Thread 0x000002424542f340 nmethod 2003 0x000002422eb20c10 code [0x000002422eb20dc0, 0x000002422eb21018]
Event: 2.392 Thread 0x000002424542f340 2006       3       java.lang.Class::createAnnotationData (195 bytes)
Event: 2.393 Thread 0x000002424542f340 nmethod 2006 0x000002422eb21110 code [0x000002422eb21480, 0x000002422eb22998]
Event: 2.393 Thread 0x000002424542f340 2005       3       java.lang.Class$Atomic::casAnnotationData (13 bytes)
Event: 2.393 Thread 0x000002424542f340 nmethod 2005 0x000002422eb23090 code [0x000002422eb23220, 0x000002422eb23378]
Event: 2.393 Thread 0x000002424542f340 2004       3       sun.reflect.generics.visitor.Reifier::<init> (10 bytes)
Event: 2.393 Thread 0x000002424542f340 nmethod 2004 0x000002422eb23410 code [0x000002422eb235a0, 0x000002422eb23758]
Event: 2.393 Thread 0x000002424542f340 2008       3       java.nio.HeapByteBuffer::get (14 bytes)
Event: 2.394 Thread 0x000002424542f340 nmethod 2008 0x000002422eb23810 code [0x000002422eb239e0, 0x000002422eb23cc8]
Event: 2.397 Thread 0x000002424542f340 2009       3       jdk.internal.reflect.ConstantPool::getUTF8At (10 bytes)
Event: 2.398 Thread 0x000002424542f340 nmethod 2009 0x000002422eb23e90 code [0x000002422eb24020, 0x000002422eb24168]

GC Heap History (8 events):
Event: 0.448 GC heap before
{Heap before GC invocations=0 (full 0):
 garbage-first heap   total 129024K, used 13312K [0x0000000080000000, 0x0000000100000000)
  region size 1024K, 13 young (13312K), 0 survivors (0K)
 Metaspace       used 7074K, committed 7232K, reserved 1056768K
  class space    used 608K, committed 704K, reserved 1048576K
}
Event: 0.452 GC heap after
{Heap after GC invocations=1 (full 0):
 garbage-first heap   total 129024K, used 3798K [0x0000000080000000, 0x0000000100000000)
  region size 1024K, 2 young (2048K), 2 survivors (2048K)
 Metaspace       used 7074K, committed 7232K, reserved 1056768K
  class space    used 608K, committed 704K, reserved 1048576K
}
Event: 0.892 GC heap before
{Heap before GC invocations=1 (full 0):
 garbage-first heap   total 129024K, used 22230K [0x0000000080000000, 0x0000000100000000)
  region size 1024K, 17 young (17408K), 2 survivors (2048K)
 Metaspace       used 11099K, committed 11264K, reserved 1064960K
  class space    used 1163K, committed 1280K, reserved 1048576K
}
Event: 0.896 GC heap after
{Heap after GC invocations=2 (full 0):
 garbage-first heap   total 129024K, used 10445K [0x0000000080000000, 0x0000000100000000)
  region size 1024K, 3 young (3072K), 3 survivors (3072K)
 Metaspace       used 11099K, committed 11264K, reserved 1064960K
  class space    used 1163K, committed 1280K, reserved 1048576K
}
Event: 1.231 GC heap before
{Heap before GC invocations=2 (full 0):
 garbage-first heap   total 129024K, used 32973K [0x0000000080000000, 0x0000000100000000)
  region size 1024K, 25 young (25600K), 3 survivors (3072K)
 Metaspace       used 11214K, committed 11456K, reserved 1064960K
  class space    used 1164K, committed 1280K, reserved 1048576K
}
Event: 1.235 GC heap after
{Heap after GC invocations=3 (full 0):
 garbage-first heap   total 129024K, used 13944K [0x0000000080000000, 0x0000000100000000)
  region size 1024K, 4 young (4096K), 4 survivors (4096K)
 Metaspace       used 11214K, committed 11456K, reserved 1064960K
  class space    used 1164K, committed 1280K, reserved 1048576K
}
Event: 2.402 GC heap before
{Heap before GC invocations=3 (full 0):
 garbage-first heap   total 129024K, used 52856K [0x0000000080000000, 0x0000000100000000)
  region size 1024K, 43 young (44032K), 4 survivors (4096K)
 Metaspace       used 21243K, committed 21504K, reserved 1073152K
  class space    used 2582K, committed 2752K, reserved 1048576K
}
Event: 2.410 GC heap after
{Heap after GC invocations=4 (full 0):
 garbage-first heap   total 129024K, used 18568K [0x0000000080000000, 0x0000000100000000)
  region size 1024K, 8 young (8192K), 8 survivors (8192K)
 Metaspace       used 21243K, committed 21504K, reserved 1073152K
  class space    used 2582K, committed 2752K, reserved 1048576K
}

Dll operation events (2 events):
Event: 0.006 Loaded shared library D:\AndroidStudio\jbr\bin\java.dll
Event: 0.414 Loaded shared library D:\AndroidStudio\jbr\bin\verify.dll

Deoptimization events (20 events):
Event: 2.105 Thread 0x00000242463744d0 Uncommon trap: trap_request=0xffffffc6 fr.pc=0x0000024236272db8 relative=0x0000000000000118
Event: 2.105 Thread 0x00000242463744d0 Uncommon trap: reason=bimorphic_or_optimized_type_check action=maybe_recompile pc=0x0000024236272db8 method=java.util.AbstractList$Itr.next()Ljava/lang/Object; @ 14 c2
Event: 2.105 Thread 0x00000242463744d0 DEOPT PACKING pc=0x0000024236272db8 sp=0x000000ba035fdc10
Event: 2.105 Thread 0x00000242463744d0 DEOPT UNPACKING pc=0x0000024235cb69a3 sp=0x000000ba035fdba8 mode 2
Event: 2.109 Thread 0x00000242463744d0 Uncommon trap: trap_request=0xffffff45 fr.pc=0x0000024236281954 relative=0x0000000000001df4
Event: 2.109 Thread 0x00000242463744d0 Uncommon trap: reason=unstable_if action=reinterpret pc=0x0000024236281954 method=sun.nio.fs.WindowsPathParser.normalize(Ljava/lang/StringBuilder;Ljava/lang/String;I)Ljava/lang/String; @ 121 c2
Event: 2.109 Thread 0x00000242463744d0 DEOPT PACKING pc=0x0000024236281954 sp=0x000000ba035fe2d0
Event: 2.109 Thread 0x00000242463744d0 DEOPT UNPACKING pc=0x0000024235cb69a3 sp=0x000000ba035fe2c8 mode 2
Event: 2.142 Thread 0x00000242463cd060 Uncommon trap: trap_request=0xffffff45 fr.pc=0x00000242362a0060 relative=0x0000000000001340
Event: 2.142 Thread 0x00000242463cd060 Uncommon trap: reason=unstable_if action=reinterpret pc=0x00000242362a0060 method=java.util.concurrent.ConcurrentHashMap.putVal(Ljava/lang/Object;Ljava/lang/Object;Z)Ljava/lang/Object; @ 256 c2
Event: 2.142 Thread 0x00000242463cd060 DEOPT PACKING pc=0x00000242362a0060 sp=0x000000ba03afed90
Event: 2.142 Thread 0x00000242463cd060 DEOPT UNPACKING pc=0x0000024235cb69a3 sp=0x000000ba03afed08 mode 2
Event: 2.255 Thread 0x00000242463cd060 Uncommon trap: trap_request=0xffffff45 fr.pc=0x000002423623ba78 relative=0x0000000000000238
Event: 2.255 Thread 0x00000242463cd060 Uncommon trap: reason=unstable_if action=reinterpret pc=0x000002423623ba78 method=java.util.HashMap.getNode(Ljava/lang/Object;)Ljava/util/HashMap$Node; @ 66 c2
Event: 2.255 Thread 0x00000242463cd060 DEOPT PACKING pc=0x000002423623ba78 sp=0x000000ba03afc270
Event: 2.255 Thread 0x00000242463cd060 DEOPT UNPACKING pc=0x0000024235cb69a3 sp=0x000000ba03afc1f0 mode 2
Event: 2.266 Thread 0x00000242463cd060 Uncommon trap: trap_request=0xffffff45 fr.pc=0x00000242362a1928 relative=0x0000000000000288
Event: 2.266 Thread 0x00000242463cd060 Uncommon trap: reason=unstable_if action=reinterpret pc=0x00000242362a1928 method=java.util.concurrent.ConcurrentHashMap.get(Ljava/lang/Object;)Ljava/lang/Object; @ 152 c2
Event: 2.266 Thread 0x00000242463cd060 DEOPT PACKING pc=0x00000242362a1928 sp=0x000000ba03afb730
Event: 2.266 Thread 0x00000242463cd060 DEOPT UNPACKING pc=0x0000024235cb69a3 sp=0x000000ba03afb698 mode 2

Classes unloaded (0 events):
No events

Classes redefined (0 events):
No events

Internal exceptions (20 events):
Event: 0.565 Thread 0x000002422b26d8c0 Exception <a 'java/lang/NoSuchMethodError'{0x000000008794a758}: 'int java.lang.invoke.DirectMethodHandle$Holder.invokeSpecial(java.lang.Object, java.lang.Object, java.lang.Object)'> (0x000000008794a758) 
thrown [s\src\hotspot\share\interpreter\linkResolver.cpp, line 771]
Event: 0.569 Thread 0x000002422b26d8c0 Exception <a 'java/lang/NoSuchMethodError'{0x000000008795e280}: 'java.lang.Object java.lang.invoke.Invokers$Holder.invokeExact_MT(java.lang.Object, java.lang.Object, java.lang.Object, java.lang.Object)'> (0x000000008795e280) 
thrown [s\src\hotspot\share\interpreter\linkResolver.cpp, line 771]
Event: 0.847 Thread 0x000002422b26d8c0 Exception <a 'java/lang/NoSuchMethodError'{0x000000008718fdc8}: 'void java.lang.invoke.DirectMethodHandle$Holder.invokeInterface(java.lang.Object, java.lang.Object, java.lang.Object)'> (0x000000008718fdc8) 
thrown [s\src\hotspot\share\interpreter\linkResolver.cpp, line 771]
Event: 1.549 Thread 0x000002422b26d8c0 Exception <a 'java/lang/NoSuchMethodError'{0x000000008700c050}: 'java.lang.Object java.lang.invoke.DirectMethodHandle$Holder.invokeStaticInit(java.lang.Object)'> (0x000000008700c050) 
thrown [s\src\hotspot\share\interpreter\linkResolver.cpp, line 771]
Event: 1.583 Thread 0x000002422b26d8c0 Exception <a 'java/lang/NoSuchMethodError'{0x000000008706d3b0}: 'java.lang.Object java.lang.invoke.DirectMethodHandle$Holder.invokeInterface(java.lang.Object, java.lang.Object)'> (0x000000008706d3b0) 
thrown [s\src\hotspot\share\interpreter\linkResolver.cpp, line 771]
Event: 1.732 Thread 0x000002422b26d8c0 Exception <a 'java/lang/NoSuchMethodError'{0x0000000086b677d0}: 'java.lang.Object java.lang.invoke.DirectMethodHandle$Holder.invokeStaticInit(java.lang.Object, int, int, int, int)'> (0x0000000086b677d0) 
thrown [s\src\hotspot\share\interpreter\linkResolver.cpp, line 771]
Event: 1.803 Thread 0x000002422b26d8c0 Exception <a 'java/lang/NoSuchMethodError'{0x0000000086bb1860}: 'java.lang.Object java.lang.invoke.DirectMethodHandle$Holder.invokeStaticInit(java.lang.Object, java.lang.Object, int, int, int, int)'> (0x0000000086bb1860) 
thrown [s\src\hotspot\share\interpreter\linkResolver.cpp, line 771]
Event: 2.028 Thread 0x000002422b26d8c0 Exception <a 'java/lang/NoSuchMethodError'{0x0000000086958340}: 'void java.lang.invoke.DirectMethodHandle$Holder.invokeStatic(java.lang.Object, java.lang.Object, java.lang.Object)'> (0x0000000086958340) 
thrown [s\src\hotspot\share\interpreter\linkResolver.cpp, line 771]
Event: 2.047 Thread 0x000002422b26d8c0 Exception <a 'java/io/IOException'{0x00000000869f2be0}> (0x00000000869f2be0) 
thrown [s\src\hotspot\share\prims\jni.cpp, line 517]
Event: 2.175 Thread 0x00000242463cd060 Exception <a 'java/lang/NoSuchMethodError'{0x0000000085e47610}: 'long java.lang.invoke.DirectMethodHandle$Holder.invokeInterface(java.lang.Object, java.lang.Object)'> (0x0000000085e47610) 
thrown [s\src\hotspot\share\interpreter\linkResolver.cpp, line 771]
Event: 2.195 Thread 0x00000242463cd060 Exception <a 'java/lang/NoSuchMethodError'{0x0000000085e89418}: 'java.lang.Object java.lang.invoke.DirectMethodHandle$Holder.invokeVirtual(java.lang.Object, java.lang.Object, java.lang.Object)'> (0x0000000085e89418) 
thrown [s\src\hotspot\share\interpreter\linkResolver.cpp, line 771]
Event: 2.260 Thread 0x00000242463cd060 Exception <a 'java/lang/NoSuchMethodError'{0x0000000085addd18}: 'java.lang.Object java.lang.invoke.DirectMethodHandle$Holder.newInvokeSpecial(java.lang.Object, java.lang.Object, java.lang.Object, java.lang.Object, java.lang.Object)'> (0x0000000085addd18) 
thrown [s\src\hotspot\share\interpreter\linkResolver.cpp, line 771]
Event: 2.299 Thread 0x00000242463cd060 Exception <a 'java/lang/NoSuchMethodError'{0x0000000085884448}: 'void java.lang.invoke.DirectMethodHandle$Holder.invokeSpecial(java.lang.Object, java.lang.Object, java.lang.Object)'> (0x0000000085884448) 
thrown [s\src\hotspot\share\interpreter\linkResolver.cpp, line 771]
Event: 2.314 Thread 0x00000242463cd060 Exception <a 'java/lang/NoSuchMethodError'{0x0000000085705250}: 'java.lang.Object java.lang.invoke.DirectMethodHandle$Holder.newInvokeSpecial(java.lang.Object, java.lang.Object, java.lang.Object, java.lang.Object, java.lang.Object, java.lang.Object)'> (0x0000000085705250) 
thrown [s\src\hotspot\share\interpreter\linkResolver.cpp, line 771]
Event: 2.315 Thread 0x00000242463cd060 Exception <a 'java/lang/NoSuchMethodError'{0x0000000085712220}: 'void java.lang.invoke.DirectMethodHandle$Holder.invokeSpecial(java.lang.Object, java.lang.Object, java.lang.Object, java.lang.Object, java.lang.Object)'> (0x0000000085712220) 
thrown [s\src\hotspot\share\interpreter\linkResolver.cpp, line 771]
Event: 2.367 Thread 0x00000242463cd060 Exception <a 'java/lang/NoSuchMethodError'{0x000000008559b0c0}: 'void java.lang.invoke.DelegatingMethodHandle$Holder.reinvoke_L(java.lang.Object, java.lang.Object, java.lang.Object, java.lang.Object, java.lang.Object, java.lang.Object, java.lang.Object, java.lang.Object, java.lang.Object, java.lang.Object, java.lang.Object)'> (0x000000008559b0c0) 
thrown [s\src\hotspot\share\interpreter\linkResolver.cpp, line 771]
Event: 2.367 Thread 0x00000242463cd060 Exception <a 'java/lang/NoSuchMethodError'{0x00000000855a3bc0}: 'java.lang.Object java.lang.invoke.DirectMethodHandle$Holder.invokeSpecial(java.lang.Object, java.lang.Object, java.lang.Object, java.lang.Object, java.lang.Object, java.lang.Object, java.lang.Object, java.lang.Object, java.lang.Object, java.lang.Object, java.lang.Object)'> (0x00000000855a3bc0) 
thrown [s\src\hotspot\share\interpreter\linkResolver.cpp, line 771]
Event: 2.368 Thread 0x00000242463cd060 Exception <a 'java/lang/NoSuchMethodError'{0x00000000855a8688}: 'java.lang.Object java.lang.invoke.Invokers$Holder.invoker(java.lang.Object, java.lang.Object, java.lang.Object, java.lang.Object, java.lang.Object, java.lang.Object, java.lang.Object, java.lang.Object, java.lang.Object, java.lang.Object, java.lang.Object)'> (0x00000000855a8688) 
thrown [s\src\hotspot\share\interpreter\linkResolver.cpp, line 771]
Event: 2.368 Thread 0x00000242463cd060 Exception <a 'java/lang/NoSuchMethodError'{0x00000000855ae480}: 'java.lang.Object java.lang.invoke.DirectMethodHandle$Holder.invokeSpecial(java.lang.Object, java.lang.Object, java.lang.Object, java.lang.Object, java.lang.Object, java.lang.Object, java.lang.Object, java.lang.Object, java.lang.Object, java.lang.Object, java.lang.Object, java.lang.Object)'> (0x00000000855ae480) 
thrown [s\src\hotspot\share\interpreter\linkResolver.cpp, line 771]
Event: 2.393 Thread 0x00000242463cd060 Exception <a 'java/lang/NoSuchMethodError'{0x00000000854bb998}: 'java.lang.Object java.lang.invoke.DirectMethodHandle$Holder.invokeSpecial(java.lang.Object, java.lang.Object, java.lang.Object, java.lang.Object, java.lang.Object, java.lang.Object, java.lang.Object, java.lang.Object, java.lang.Object)'> (0x00000000854bb998) 
thrown [s\src\hotspot\share\interpreter\linkResolver.cpp, line 771]

VM Operations (20 events):
Event: 0.896 Executing VM operation: G1CollectForAllocation done
Event: 1.231 Executing VM operation: G1CollectForAllocation
Event: 1.235 Executing VM operation: G1CollectForAllocation done
Event: 1.451 Executing VM operation: HandshakeAllThreads
Event: 1.451 Executing VM operation: HandshakeAllThreads done
Event: 1.536 Executing VM operation: HandshakeAllThreads
Event: 1.536 Executing VM operation: HandshakeAllThreads done
Event: 1.579 Executing VM operation: HandshakeAllThreads
Event: 1.579 Executing VM operation: HandshakeAllThreads done
Event: 1.642 Executing VM operation: HandshakeAllThreads
Event: 1.642 Executing VM operation: HandshakeAllThreads done
Event: 1.714 Executing VM operation: HandshakeAllThreads
Event: 1.714 Executing VM operation: HandshakeAllThreads done
Event: 1.780 Executing VM operation: HandshakeAllThreads
Event: 1.780 Executing VM operation: HandshakeAllThreads done
Event: 2.025 Executing VM operation: HandshakeAllThreads
Event: 2.025 Executing VM operation: HandshakeAllThreads done
Event: 2.087 Executing VM operation: HandshakeAllThreads
Event: 2.087 Executing VM operation: HandshakeAllThreads done
Event: 2.402 Executing VM operation: CollectForMetadataAllocation

Events (20 events):
Event: 2.268 loading class java/util/stream/MatchOps$BooleanTerminalSink done
Event: 2.270 loading class java/util/stream/MatchOps$1MatchSink
Event: 2.270 loading class java/util/stream/MatchOps$1MatchSink done
Event: 2.324 loading class java/lang/invoke/MethodHandle$1
Event: 2.324 loading class java/lang/invoke/MethodHandle$1 done
Event: 2.329 loading class java/util/ConcurrentModificationException
Event: 2.329 loading class java/util/ConcurrentModificationException done
Event: 2.348 loading class sun/reflect/generics/scope/ConstructorScope
Event: 2.348 loading class sun/reflect/generics/scope/ConstructorScope done
Event: 2.348 loading class sun/reflect/generics/tree/VoidDescriptor
Event: 2.348 loading class sun/reflect/generics/tree/VoidDescriptor done
Event: 2.366 Thread 0x0000024245651990 Thread exited: 0x0000024245651990
Event: 2.370 loading class java/lang/invoke/BoundMethodHandle$Species_LLLLLLLL
Event: 2.370 loading class java/lang/invoke/BoundMethodHandle$Species_LLLLLLLL done
Event: 2.370 loading class java/lang/invoke/BoundMethodHandle$Species_LLLLLLLLL
Event: 2.370 loading class java/lang/invoke/BoundMethodHandle$Species_LLLLLLLLL done
Event: 2.371 loading class java/lang/invoke/BoundMethodHandle$Species_LLLLLLLLLL
Event: 2.371 loading class java/lang/invoke/BoundMethodHandle$Species_LLLLLLLLLL done
Event: 2.372 loading class java/lang/invoke/BoundMethodHandle$Species_LLLLLLLLLLL
Event: 2.372 loading class java/lang/invoke/BoundMethodHandle$Species_LLLLLLLLLLL done


Dynamic libraries:
0x00007ff760290000 - 0x00007ff76029a000 	D:\AndroidStudio\jbr\bin\java.exe
0x00007ffd57990000 - 0x00007ffd57ba7000 	C:\WINDOWS\SYSTEM32\ntdll.dll
0x00007ffd57590000 - 0x00007ffd57654000 	C:\WINDOWS\System32\KERNEL32.DLL
0x00007ffd55250000 - 0x00007ffd5560a000 	C:\WINDOWS\System32\KERNELBASE.dll
0x00007ffd55100000 - 0x00007ffd55211000 	C:\WINDOWS\System32\ucrtbase.dll
0x00007ffd299d0000 - 0x00007ffd299e7000 	D:\AndroidStudio\jbr\bin\jli.dll
0x00007ffd4f660000 - 0x00007ffd4f67b000 	D:\AndroidStudio\jbr\bin\VCRUNTIME140.dll
0x00007ffd572c0000 - 0x00007ffd5746e000 	C:\WINDOWS\System32\USER32.dll
0x00007ffd54c60000 - 0x00007ffd54c86000 	C:\WINDOWS\System32\win32u.dll
0x00007ffd3d400000 - 0x00007ffd3d692000 	C:\WINDOWS\WinSxS\amd64_microsoft.windows.common-controls_6595b64144ccf1df_6.0.22621.4541_none_2710d1c57384c085\COMCTL32.dll
0x00007ffd566e0000 - 0x00007ffd56787000 	C:\WINDOWS\System32\msvcrt.dll
0x00007ffd55800000 - 0x00007ffd55829000 	C:\WINDOWS\System32\GDI32.dll
0x00007ffd54f40000 - 0x00007ffd5505b000 	C:\WINDOWS\System32\gdi32full.dll
0x00007ffd55060000 - 0x00007ffd550fa000 	C:\WINDOWS\System32\msvcp_win.dll
0x00007ffd569e0000 - 0x00007ffd56a11000 	C:\WINDOWS\System32\IMM32.DLL
0x00007ffd4add0000 - 0x00007ffd4addc000 	D:\AndroidStudio\jbr\bin\vcruntime140_1.dll
0x00007ffd36af0000 - 0x00007ffd36b7d000 	D:\AndroidStudio\jbr\bin\msvcp140.dll
0x00007ffce8380000 - 0x00007ffce8fee000 	D:\AndroidStudio\jbr\bin\server\jvm.dll
0x00007ffd562b0000 - 0x00007ffd56362000 	C:\WINDOWS\System32\ADVAPI32.dll
0x00007ffd56630000 - 0x00007ffd566d7000 	C:\WINDOWS\System32\sechost.dll
0x00007ffd55220000 - 0x00007ffd55248000 	C:\WINDOWS\System32\bcrypt.dll
0x00007ffd55c80000 - 0x00007ffd55d94000 	C:\WINDOWS\System32\RPCRT4.dll
0x00007ffd3d390000 - 0x00007ffd3d399000 	C:\WINDOWS\SYSTEM32\WSOCK32.dll
0x00007ffd56930000 - 0x00007ffd569a1000 	C:\WINDOWS\System32\WS2_32.dll
0x00007ffd48040000 - 0x00007ffd4804a000 	C:\WINDOWS\SYSTEM32\VERSION.dll
0x00007ffd48f30000 - 0x00007ffd48f64000 	C:\WINDOWS\SYSTEM32\WINMM.dll
0x00007ffd53ca0000 - 0x00007ffd53cb8000 	C:\WINDOWS\SYSTEM32\kernel.appcore.dll
0x00007ffd48f80000 - 0x00007ffd48f8a000 	D:\AndroidStudio\jbr\bin\jimage.dll
0x00007ffd52490000 - 0x00007ffd526c2000 	C:\WINDOWS\SYSTEM32\DBGHELP.DLL
0x00007ffd558a0000 - 0x00007ffd55c2f000 	C:\WINDOWS\System32\combase.dll
0x00007ffd57810000 - 0x00007ffd578e7000 	C:\WINDOWS\System32\OLEAUT32.dll
0x00007ffd2d370000 - 0x00007ffd2d3a2000 	C:\WINDOWS\SYSTEM32\dbgcore.DLL
0x00007ffd54d50000 - 0x00007ffd54dcb000 	C:\WINDOWS\System32\bcryptPrimitives.dll
0x00007ffd395d0000 - 0x00007ffd395f5000 	D:\AndroidStudio\jbr\bin\java.dll
0x00007ffd39190000 - 0x00007ffd391a8000 	D:\AndroidStudio\jbr\bin\zip.dll
0x00007ffd56a40000 - 0x00007ffd572b8000 	C:\WINDOWS\System32\SHELL32.dll
0x00007ffd52b70000 - 0x00007ffd53478000 	C:\WINDOWS\SYSTEM32\windows.storage.dll
0x00007ffd52a30000 - 0x00007ffd52b6f000 	C:\WINDOWS\SYSTEM32\wintypes.dll
0x00007ffd56790000 - 0x00007ffd5688a000 	C:\WINDOWS\System32\SHCORE.dll
0x00007ffd55840000 - 0x00007ffd5589e000 	C:\WINDOWS\System32\shlwapi.dll
0x00007ffd54b90000 - 0x00007ffd54bbb000 	C:\WINDOWS\SYSTEM32\profapi.dll
0x00007ffd39170000 - 0x00007ffd39189000 	D:\AndroidStudio\jbr\bin\net.dll
0x00007ffd48df0000 - 0x00007ffd48f26000 	C:\WINDOWS\SYSTEM32\WINHTTP.dll
0x00007ffd54120000 - 0x00007ffd54189000 	C:\WINDOWS\system32\mswsock.dll
0x00007ffd39150000 - 0x00007ffd39166000 	D:\AndroidStudio\jbr\bin\nio.dll
0x00007ffd3b980000 - 0x00007ffd3b990000 	D:\AndroidStudio\jbr\bin\verify.dll
0x00007ffc97150000 - 0x00007ffc97177000 	C:\Users\GC\.gradle\native\68d5fa5c4cc2d200863cafc0d521ce42e7d3e7ee720ec0a83991735586a16f82\windows-amd64\native-platform.dll
0x00007ffcff850000 - 0x00007ffcff994000 	C:\Users\GC\.gradle\native\e376f236ea51e6404a007f0833ffe2c6e607c4080706a723a18a27aeea778392\windows-amd64\native-platform-file-events.dll
0x00007ffd395c0000 - 0x00007ffd395c9000 	D:\AndroidStudio\jbr\bin\management.dll
0x00007ffd39050000 - 0x00007ffd3905b000 	D:\AndroidStudio\jbr\bin\management_ext.dll
0x00007ffd55e20000 - 0x00007ffd55e28000 	C:\WINDOWS\System32\PSAPI.DLL
0x00007ffd54370000 - 0x00007ffd5438b000 	C:\WINDOWS\SYSTEM32\CRYPTSP.dll
0x00007ffd53c00000 - 0x00007ffd53c35000 	C:\WINDOWS\system32\rsaenh.dll
0x00007ffd54210000 - 0x00007ffd54238000 	C:\WINDOWS\SYSTEM32\USERENV.dll
0x00007ffd54390000 - 0x00007ffd5439c000 	C:\WINDOWS\SYSTEM32\CRYPTBASE.dll
0x00007ffd53720000 - 0x00007ffd5374d000 	C:\WINDOWS\SYSTEM32\IPHLPAPI.DLL
0x00007ffd56920000 - 0x00007ffd56929000 	C:\WINDOWS\System32\NSI.dll
0x00007ffd49160000 - 0x00007ffd49179000 	C:\WINDOWS\SYSTEM32\dhcpcsvc6.DLL
0x00007ffd475f0000 - 0x00007ffd4760f000 	C:\WINDOWS\SYSTEM32\dhcpcsvc.DLL
0x00007ffd53750000 - 0x00007ffd53852000 	C:\WINDOWS\SYSTEM32\DNSAPI.dll
0x00007ffd39030000 - 0x00007ffd39038000 	C:\WINDOWS\system32\wshunix.dll

dbghelp: loaded successfully - version: 4.0.5 - missing functions: none
symbol engine: initialized successfully - sym options: 0x614 - pdb path: .;D:\AndroidStudio\jbr\bin;C:\WINDOWS\SYSTEM32;C:\WINDOWS\WinSxS\amd64_microsoft.windows.common-controls_6595b64144ccf1df_6.0.22621.4541_none_2710d1c57384c085;D:\AndroidStudio\jbr\bin\server;C:\Users\GC\.gradle\native\68d5fa5c4cc2d200863cafc0d521ce42e7d3e7ee720ec0a83991735586a16f82\windows-amd64;C:\Users\GC\.gradle\native\e376f236ea51e6404a007f0833ffe2c6e607c4080706a723a18a27aeea778392\windows-amd64

VM Arguments:
jvm_args: --add-opens=java.base/java.util=ALL-UNNAMED --add-opens=java.base/java.lang=ALL-UNNAMED --add-opens=java.base/java.lang.invoke=ALL-UNNAMED --add-opens=java.prefs/java.util.prefs=ALL-UNNAMED --add-opens=java.base/java.nio.charset=ALL-UNNAMED --add-opens=java.base/java.net=ALL-UNNAMED --add-opens=java.base/java.util.concurrent.atomic=ALL-UNNAMED -Xmx2048m -Dfile.encoding=UTF-8 -Duser.country=ID -Duser.language=en -Duser.variant 
java_command: org.gradle.launcher.daemon.bootstrap.GradleDaemon 8.0
java_class_path (initial): C:\Users\GC\.gradle\wrapper\dists\gradle-8.0-bin\ca5e32bp14vu59qr306oxotwh\gradle-8.0\lib\gradle-launcher-8.0.jar
Launcher Type: SUN_STANDARD

[Global flags]
     intx CICompilerCount                          = 3                                         {product} {ergonomic}
     uint ConcGCThreads                            = 1                                         {product} {ergonomic}
     uint G1ConcRefinementThreads                  = 4                                         {product} {ergonomic}
   size_t G1HeapRegionSize                         = 1048576                                   {product} {ergonomic}
    uintx GCDrainStackTargetSize                   = 64                                        {product} {ergonomic}
   size_t InitialHeapSize                          = 132120576                                 {product} {ergonomic}
   size_t MarkStackSize                            = 4194304                                   {product} {ergonomic}
   size_t MaxHeapSize                              = 2147483648                                {product} {command line}
   size_t MaxNewSize                               = 1287651328                                {product} {ergonomic}
   size_t MinHeapDeltaBytes                        = 1048576                                   {product} {ergonomic}
   size_t MinHeapSize                              = 8388608                                   {product} {ergonomic}
    uintx NonNMethodCodeHeapSize                   = 5832780                                {pd product} {ergonomic}
    uintx NonProfiledCodeHeapSize                  = 122912730                              {pd product} {ergonomic}
    uintx ProfiledCodeHeapSize                     = 122912730                              {pd product} {ergonomic}
    uintx ReservedCodeCacheSize                    = 251658240                              {pd product} {ergonomic}
     bool SegmentedCodeCache                       = true                                      {product} {ergonomic}
   size_t SoftMaxHeapSize                          = 2147483648                             {manageable} {ergonomic}
     bool UseCompressedClassPointers               = true                           {product lp64_product} {ergonomic}
     bool UseCompressedOops                        = true                           {product lp64_product} {ergonomic}
     bool UseG1GC                                  = true                                      {product} {ergonomic}
     bool UseLargePagesIndividualAllocation        = false                                  {pd product} {ergonomic}

Logging:
Log output configuration:
 #0: stdout all=warning uptime,level,tags
 #1: stderr all=off uptime,level,tags

Environment Variables:
JAVA_HOME=C:\Program Files\Java\jdk-20
PATH=C:\Python312\Scripts\;C:\Python312\;C:\Program Files\Common Files\Oracle\Java\javapath;C:\Program Files\Java\jdk-20\bin;C:\Program Files\Eclipse Foundation\jdk-11.0.12.7-hotspot\bin;C:\xampp\php;D:\src\flutter\bin;C:\MinGW\bin;C:\WINDOWS\system32;C:\WINDOWS;C:\WINDOWS\System32\Wbem;C:\WINDOWS\System32\WindowsPowerShell\v1.0\;C:\WINDOWS\System32\OpenSSH\;C:\Python\Python310;C:\Program Files\Git\cmd;C:\ProgramData\ComposerSetup\bin;C:\Program Files\nodejs\;C:\ProgramData\chocolatey\bin;C:\HaxeToolkit\haxe;C:\HaxeToolkit\neko;C:\Program Files\Java\jdk-20\bin;C:\Users\GC\AppData\Local\Microsoft\WindowsApps;D:\src\flutter\bin;C:\Program Files\JetBrains\IntelliJ IDEA Community Edition 2021.2.2\bin;;C:\Users\GC;C:\Users\GC\AppData\Roaming\Composer\vendor\bin;C:\Users\GC\.fnm;C:\Users\GC\AppData\Roaming\npm;C:\Users\GC\AppData\Local\Programs\Microsoft VS Code\bin
USERNAME=GC
OS=Windows_NT
PROCESSOR_IDENTIFIER=Intel64 Family 6 Model 142 Stepping 12, GenuineIntel
TMP=C:\Users\GC\AppData\Local\Temp
TEMP=C:\Users\GC\AppData\Local\Temp


JNI global refs:
JNI global refs: 21, weak refs: 0

JNI global refs memory usage: 843, weak refs: 209


---------------  S Y S T E M  ---------------

OS:
 Windows 11 , 64 bit Build 22621 (10.0.22621.4391)
OS uptime: 0 days 1:55 hours

CPU: total 4 (initial active 4) (2 cores per cpu, 2 threads per core) family 6 model 142 stepping 12 microcode 0xde, cx8, cmov, fxsr, ht, mmx, 3dnowpref, sse, sse2, sse3, ssse3, sse4.1, sse4.2, popcnt, lzcnt, tsc, tscinvbit, avx, avx2, aes, erms, clmul, bmi1, bmi2, adx, fma, vzeroupper, clflush, clflushopt

Memory: 4k page, system-wide physical 8033M (430M free)
TotalPageFile size 14033M (AvailPageFile size 0M)
current process WorkingSet (physical memory assigned to process): 153M, peak: 153M
current process commit charge ("private bytes"): 252M, peak: 253M

vm_info: OpenJDK 64-Bit Server VM (17.0.6+0-b2043.56-10027231) for windows-amd64 JRE (17.0.6+0-b2043.56-10027231), built on Apr 28 2023 00:43:19 by "androidbuild" with MS VC++ 16.10 / 16.11 (VS2019)

END.
